<?xml version="1.0" encoding="UTF-8"?>
<!-- Generated by org.testng.reporters.JUnitXMLReporter -->
<testsuite ignored="1" hostname="DESKTOP-FC9QTB7" failures="0" tests="2" name="Test" time="16.449" errors="0" timestamp="2023-02-19T15:13:50 IST">
  <testcase classname="testclasses.Logintest" name="login" time="5.702"/>
  <testcase classname="testclasses.Hometest" name="addToCartTest" time="10.485"/>
  <testcase classname="testclasses.BaseTestClass" name="@BeforeSuite initializations" time="0.0">
    <ignored/>
  </testcase> <!-- @BeforeSuite initializations -->
</testsuite> <!-- Test -->
