<?xml version="1.0" encoding="UTF-8"?>
<!-- Generated by org.testng.reporters.JUnitXMLReporter -->
<testsuite ignored="1" hostname="DESKTOP-FC9QTB7" failures="0" tests="2" name="Test" time="8.917" errors="0" timestamp="2023-03-12T11:35:13 IST">
  <testcase classname="testclasses.Logintest" name="login" time="1.855"/>
  <testcase classname="testclasses.Hometest" name="addToCartTest" time="6.959"/>
  <testcase classname="testclasses.BaseTestClass" name="@BeforeSuite initializations" time="0.0">
    <ignored/>
  </testcase> <!-- @BeforeSuite initializations -->
</testsuite> <!-- Test -->
