<?xml version="1.0" encoding="UTF-8"?>
<testng-results ignored="1" total="3" passed="2" failed="0" skipped="0">
  <reporter-output>
  </reporter-output>
  <suite started-at="2023-03-12T11:35:04 IST" name="Suite" finished-at="2023-03-12T11:35:13 IST" duration-ms="8917">
    <groups>
    </groups>
    <test started-at="2023-03-12T11:35:04 IST" name="Test" finished-at="2023-03-12T11:35:13 IST" duration-ms="8917">
      <class name="testclasses.Logintest">
        <test-method is-config="true" signature="initializations()[pri:0, instance:testclasses.Logintest@6aba2b86]" started-at="2023-03-12T11:34:54 IST" name="initializations" finished-at="2023-03-12T11:35:04 IST" duration-ms="10630" status="PASS">
          <reporter-output>
          </reporter-output>
        </test-method> <!-- initializations -->
        <test-method is-config="true" signature="initalization()[pri:0, instance:testclasses.Logintest@6aba2b86]" started-at="2023-03-12T11:35:04 IST" name="initalization" finished-at="2023-03-12T11:35:05 IST" duration-ms="34" status="PASS">
          <reporter-output>
          </reporter-output>
        </test-method> <!-- initalization -->
        <test-method signature="login()[pri:0, instance:testclasses.Logintest@6aba2b86]" started-at="2023-03-12T11:35:05 IST" name="login" finished-at="2023-03-12T11:35:06 IST" duration-ms="1855" status="PASS">
          <reporter-output>
          </reporter-output>
        </test-method> <!-- login -->
      </class> <!-- testclasses.Logintest -->
      <class name="testclasses.Hometest">
        <test-method is-config="true" signature="launch()[pri:0, instance:testclasses.Hometest@44ebcd03]" started-at="2023-03-12T11:35:06 IST" name="launch" finished-at="2023-03-12T11:35:06 IST" duration-ms="14" status="PASS">
          <reporter-output>
          </reporter-output>
        </test-method> <!-- launch -->
        <test-method signature="addToCartTest()[pri:0, instance:testclasses.Hometest@44ebcd03]" started-at="2023-03-12T11:35:06 IST" name="addToCartTest" finished-at="2023-03-12T11:35:13 IST" duration-ms="6959" status="PASS">
          <reporter-output>
          </reporter-output>
        </test-method> <!-- addToCartTest -->
      </class> <!-- testclasses.Hometest -->
    </test> <!-- Test -->
  </suite> <!-- Suite -->
</testng-results>
