<?xml version="1.0" encoding="UTF-8"?>
<testng-results ignored="1" total="3" passed="2" failed="0" skipped="0">
  <reporter-output>
  </reporter-output>
  <suite started-at="2023-02-19T15:13:34 IST" name="Suite" finished-at="2023-02-19T15:13:50 IST" duration-ms="16449">
    <groups>
    </groups>
    <test started-at="2023-02-19T15:13:34 IST" name="Test" finished-at="2023-02-19T15:13:50 IST" duration-ms="16449">
      <class name="testclasses.Logintest">
        <test-method is-config="true" signature="initializations()[pri:0, instance:testclasses.Logintest@7b2bbc3]" started-at="2023-02-19T15:12:56 IST" name="initializations" finished-at="2023-02-19T15:13:34 IST" duration-ms="38335" status="PASS">
          <reporter-output>
          </reporter-output>
        </test-method> <!-- initializations -->
        <test-method is-config="true" signature="initalization()[pri:0, instance:testclasses.Logintest@7b2bbc3]" started-at="2023-02-19T15:13:34 IST" name="initalization" finished-at="2023-02-19T15:13:34 IST" duration-ms="102" status="PASS">
          <reporter-output>
          </reporter-output>
        </test-method> <!-- initalization -->
        <test-method signature="login()[pri:0, instance:testclasses.Logintest@7b2bbc3]" started-at="2023-02-19T15:13:34 IST" name="login" finished-at="2023-02-19T15:13:40 IST" duration-ms="5702" status="PASS">
          <reporter-output>
          </reporter-output>
        </test-method> <!-- login -->
      </class> <!-- testclasses.Logintest -->
      <class name="testclasses.Hometest">
        <test-method is-config="true" signature="launch()[pri:0, instance:testclasses.Hometest@4218d6a3]" started-at="2023-02-19T15:13:40 IST" name="launch" finished-at="2023-02-19T15:13:40 IST" duration-ms="26" status="PASS">
          <reporter-output>
          </reporter-output>
        </test-method> <!-- launch -->
        <test-method signature="addToCartTest()[pri:0, instance:testclasses.Hometest@4218d6a3]" started-at="2023-02-19T15:13:40 IST" name="addToCartTest" finished-at="2023-02-19T15:13:50 IST" duration-ms="10485" status="PASS">
          <reporter-output>
          </reporter-output>
        </test-method> <!-- addToCartTest -->
      </class> <!-- testclasses.Hometest -->
    </test> <!-- Test -->
  </suite> <!-- Suite -->
</testng-results>
